<?xml version="1.0" encoding="UTF-8"?>
<coverage generated="1776713439082" clover="3.2.0">
  <project timestamp="1776713439082" name="All files">
    <metrics statements="212" coveredstatements="128" conditionals="78" coveredconditionals="33" methods="34" coveredmethods="13" elements="324" coveredelements="174" complexity="0" loc="212" ncloc="212" packages="1" files="3" classes="3"/>
    <file name="access-logic.js" path="C:\Users\Lufuno Mmbadi\Downloads\3rd Year\Semester 1\SD Project\sa-learnerships-portal\backend\access-logic.js">
      <metrics statements="6" coveredstatements="6" conditionals="6" coveredconditionals="6" methods="1" coveredmethods="1"/>
      <line num="2" count="4" type="stmt"/>
      <line num="31" count="28" type="cond" truecount="4" falsecount="0"/>
      <line num="32" count="26" type="stmt"/>
      <line num="33" count="26" type="cond" truecount="2" falsecount="0"/>
      <line num="34" count="24" type="stmt"/>
      <line num="37" count="4" type="stmt"/>
    </file>
    <file name="app.js" path="C:\Users\Lufuno Mmbadi\Downloads\3rd Year\Semester 1\SD Project\sa-learnerships-portal\backend\app.js">
      <metrics statements="189" coveredstatements="109" conditionals="66" coveredconditionals="23" methods="32" coveredmethods="11"/>
      <line num="1" count="4" type="stmt"/>
      <line num="2" count="4" type="stmt"/>
      <line num="3" count="4" type="stmt"/>
      <line num="4" count="4" type="stmt"/>
      <line num="5" count="4" type="stmt"/>
      <line num="6" count="4" type="stmt"/>
      <line num="7" count="4" type="stmt"/>
      <line num="9" count="4" type="stmt"/>
      <line num="10" count="4" type="stmt"/>
      <line num="13" count="4" type="stmt"/>
      <line num="17" count="4" type="stmt"/>
      <line num="18" count="4" type="stmt"/>
      <line num="19" count="4" type="cond" truecount="4" falsecount="0"/>
      <line num="20" count="3" type="stmt"/>
      <line num="22" count="1" type="stmt"/>
      <line num="28" count="4" type="stmt"/>
      <line num="29" count="0" type="stmt"/>
      <line num="32" count="4" type="stmt"/>
      <line num="33" count="0" type="stmt"/>
      <line num="36" count="4" type="stmt"/>
      <line num="37" count="0" type="stmt"/>
      <line num="40" count="4" type="stmt"/>
      <line num="41" count="0" type="stmt"/>
      <line num="44" count="4" type="stmt"/>
      <line num="45" count="0" type="stmt"/>
      <line num="49" count="4" type="stmt"/>
      <line num="50" count="0" type="stmt"/>
      <line num="56" count="4" type="stmt"/>
      <line num="57" count="0" type="stmt"/>
      <line num="60" count="4" type="stmt"/>
      <line num="61" count="0" type="stmt"/>
      <line num="64" count="4" type="stmt"/>
      <line num="65" count="0" type="stmt"/>
      <line num="69" count="4" type="stmt"/>
      <line num="70" count="3" type="stmt"/>
      <line num="87" count="4" type="stmt"/>
      <line num="88" count="6" type="stmt"/>
      <line num="90" count="6" type="cond" truecount="1" falsecount="1"/>
      <line num="92" count="6" type="stmt"/>
      <line num="93" count="6" type="stmt"/>
      <line num="95" count="4" type="stmt"/>
      <line num="108" count="4" type="stmt"/>
      <line num="111" count="2" type="stmt"/>
      <line num="112" count="2" type="stmt"/>
      <line num="117" count="4" type="stmt"/>
      <line num="118" count="2" type="stmt"/>
      <line num="119" count="2" type="stmt"/>
      <line num="121" count="2" type="cond" truecount="1" falsecount="1"/>
      <line num="123" count="2" type="stmt"/>
      <line num="124" count="2" type="stmt"/>
      <line num="126" count="2" type="stmt"/>
      <line num="136" count="2" type="stmt"/>
      <line num="139" count="0" type="stmt"/>
      <line num="140" count="0" type="stmt"/>
      <line num="148" count="4" type="stmt"/>
      <line num="149" count="3" type="stmt"/>
      <line num="150" count="3" type="stmt"/>
      <line num="153" count="3" type="stmt"/>
      <line num="154" count="3" type="stmt"/>
      <line num="155" count="3" type="stmt"/>
      <line num="158" count="3" type="stmt"/>
      <line num="160" count="2" type="stmt"/>
      <line num="166" count="1" type="stmt"/>
      <line num="167" count="1" type="stmt"/>
      <line num="173" count="4" type="stmt"/>
      <line num="174" count="4" type="stmt"/>
      <line num="176" count="4" type="cond" truecount="1" falsecount="1"/>
      <line num="177" count="0" type="stmt"/>
      <line num="180" count="4" type="stmt"/>
      <line num="181" count="4" type="stmt"/>
      <line num="182" count="3" type="stmt"/>
      <line num="184" count="3" type="stmt"/>
      <line num="185" count="2" type="stmt"/>
      <line num="186" count="2" type="stmt"/>
      <line num="197" count="3" type="stmt"/>
      <line num="200" count="1" type="stmt"/>
      <line num="201" count="1" type="stmt"/>
      <line num="207" count="4" type="stmt"/>
      <line num="208" count="1" type="stmt"/>
      <line num="209" count="1" type="stmt"/>
      <line num="210" count="1" type="stmt"/>
      <line num="214" count="0" type="stmt"/>
      <line num="216" count="1" type="stmt"/>
      <line num="221" count="4" type="stmt"/>
      <line num="222" count="8" type="stmt"/>
      <line num="224" count="8" type="cond" truecount="4" falsecount="0"/>
      <line num="225" count="3" type="stmt"/>
      <line num="228" count="5" type="stmt"/>
      <line num="229" count="5" type="stmt"/>
      <line num="230" count="5" type="stmt"/>
      <line num="231" count="5" type="stmt"/>
      <line num="232" count="5" type="cond" truecount="2" falsecount="0"/>
      <line num="233" count="1" type="stmt"/>
      <line num="237" count="4" type="stmt"/>
      <line num="238" count="4" type="cond" truecount="2" falsecount="0"/>
      <line num="239" count="1" type="stmt"/>
      <line num="243" count="3" type="stmt"/>
      <line num="244" count="3" type="stmt"/>
      <line num="245" count="3" type="cond" truecount="2" falsecount="0"/>
      <line num="246" count="1" type="stmt"/>
      <line num="249" count="2" type="stmt"/>
      <line num="255" count="1" type="stmt"/>
      <line num="257" count="1" type="stmt"/>
      <line num="258" count="1" type="stmt"/>
      <line num="263" count="4" type="stmt"/>
      <line num="264" count="0" type="stmt"/>
      <line num="265" count="0" type="cond" truecount="0" falsecount="2"/>
      <line num="266" count="0" type="stmt"/>
      <line num="267" count="0" type="cond" truecount="0" falsecount="2"/>
      <line num="268" count="0" type="stmt"/>
      <line num="270" count="0" type="stmt"/>
      <line num="271" count="0" type="stmt"/>
      <line num="276" count="4" type="stmt"/>
      <line num="277" count="0" type="stmt"/>
      <line num="278" count="0" type="cond" truecount="0" falsecount="2"/>
      <line num="279" count="0" type="stmt"/>
      <line num="280" count="0" type="cond" truecount="0" falsecount="2"/>
      <line num="281" count="0" type="cond" truecount="0" falsecount="2"/>
      <line num="283" count="0" type="stmt"/>
      <line num="284" count="0" type="stmt"/>
      <line num="289" count="4" type="stmt"/>
      <line num="290" count="0" type="stmt"/>
      <line num="291" count="0" type="stmt"/>
      <line num="292" count="0" type="cond" truecount="0" falsecount="4"/>
      <line num="293" count="0" type="stmt"/>
      <line num="294" count="0" type="cond" truecount="0" falsecount="2"/>
      <line num="295" count="0" type="stmt"/>
      <line num="296" count="0" type="stmt"/>
      <line num="298" count="0" type="stmt"/>
      <line num="299" count="0" type="stmt"/>
      <line num="304" count="4" type="stmt"/>
      <line num="305" count="0" type="stmt"/>
      <line num="306" count="0" type="cond" truecount="0" falsecount="2"/>
      <line num="307" count="0" type="stmt"/>
      <line num="308" count="0" type="cond" truecount="0" falsecount="2"/>
      <line num="311" count="0" type="cond" truecount="0" falsecount="2"/>
      <line num="312" count="0" type="stmt"/>
      <line num="314" count="0" type="stmt"/>
      <line num="317" count="0" type="stmt"/>
      <line num="318" count="0" type="cond" truecount="0" falsecount="2"/>
      <line num="319" count="0" type="stmt"/>
      <line num="321" count="0" type="stmt"/>
      <line num="322" count="0" type="stmt"/>
      <line num="327" count="4" type="stmt"/>
      <line num="328" count="1" type="stmt"/>
      <line num="329" count="1" type="cond" truecount="2" falsecount="0"/>
      <line num="330" count="1" type="stmt"/>
      <line num="331" count="1" type="cond" truecount="1" falsecount="1"/>
      <line num="333" count="1" type="stmt"/>
      <line num="334" count="1" type="stmt"/>
      <line num="337" count="1" type="cond" truecount="1" falsecount="1"/>
      <line num="338" count="1" type="stmt"/>
      <line num="340" count="0" type="stmt"/>
      <line num="343" count="1" type="stmt"/>
      <line num="344" count="0" type="stmt"/>
      <line num="345" count="0" type="cond" truecount="0" falsecount="2"/>
      <line num="348" count="1" type="cond" truecount="1" falsecount="1"/>
      <line num="351" count="0" type="stmt"/>
      <line num="352" count="0" type="stmt"/>
      <line num="354" count="0" type="stmt"/>
      <line num="355" count="0" type="stmt"/>
      <line num="356" count="0" type="stmt"/>
      <line num="357" count="0" type="stmt"/>
      <line num="361" count="0" type="stmt"/>
      <line num="362" count="0" type="stmt"/>
      <line num="363" count="0" type="stmt"/>
      <line num="364" count="0" type="stmt"/>
      <line num="365" count="0" type="stmt"/>
      <line num="366" count="0" type="cond" truecount="0" falsecount="2"/>
      <line num="367" count="0" type="stmt"/>
      <line num="370" count="0" type="stmt"/>
      <line num="376" count="0" type="stmt"/>
      <line num="378" count="0" type="stmt"/>
      <line num="379" count="0" type="stmt"/>
      <line num="384" count="4" type="stmt"/>
      <line num="385" count="0" type="stmt"/>
      <line num="386" count="0" type="stmt"/>
      <line num="387" count="0" type="stmt"/>
      <line num="388" count="0" type="stmt"/>
      <line num="389" count="0" type="cond" truecount="0" falsecount="2"/>
      <line num="391" count="0" type="stmt"/>
      <line num="395" count="0" type="stmt"/>
      <line num="397" count="0" type="stmt"/>
      <line num="398" count="0" type="stmt"/>
      <line num="403" count="4" type="stmt"/>
      <line num="406" count="4" type="cond" truecount="1" falsecount="1"/>
      <line num="407" count="0" type="cond" truecount="0" falsecount="2"/>
      <line num="408" count="0" type="stmt"/>
      <line num="409" count="0" type="stmt"/>
    </file>
    <file name="auth.js" path="C:\Users\Lufuno Mmbadi\Downloads\3rd Year\Semester 1\SD Project\sa-learnerships-portal\backend\auth.js">
      <metrics statements="17" coveredstatements="13" conditionals="6" coveredconditionals="4" methods="1" coveredmethods="1"/>
      <line num="1" count="4" type="stmt"/>
      <line num="4" count="12" type="stmt"/>
      <line num="6" count="12" type="cond" truecount="2" falsecount="0"/>
      <line num="7" count="3" type="stmt"/>
      <line num="12" count="9" type="cond" truecount="1" falsecount="1"/>
      <line num="13" count="9" type="stmt"/>
      <line num="15" count="0" type="stmt"/>
      <line num="18" count="9" type="cond" truecount="1" falsecount="1"/>
      <line num="19" count="0" type="stmt"/>
      <line num="22" count="9" type="stmt"/>
      <line num="23" count="9" type="stmt"/>
      <line num="25" count="9" type="stmt"/>
      <line num="30" count="9" type="stmt"/>
      <line num="31" count="9" type="stmt"/>
      <line num="34" count="0" type="stmt"/>
      <line num="35" count="0" type="stmt"/>
      <line num="39" count="4" type="stmt"/>
    </file>
  </project>
</coverage>
