{"C:\\Users\\Lufuno Mmbadi\\Downloads\\3rd Year\\Semester 1\\SD Project\\sa-learnerships-portal\\backend\\access-logic.js": {"path":"C:\\Users\\Lufuno Mmbadi\\Downloads\\3rd Year\\Semester 1\\SD Project\\sa-learnerships-portal\\backend\\access-logic.js","statementMap":{"0":{"start":{"line":2,"column":24},"end":{"line":23,"column":1}},"1":{"start":{"line":31,"column":4},"end":{"line":31,"column":42}},"2":{"start":{"line":31,"column":29},"end":{"line":31,"column":42}},"3":{"start":{"line":32,"column":20},"end":{"line":32,"column":60}},"4":{"start":{"line":33,"column":4},"end":{"line":33,"column":31}},"5":{"start":{"line":33,"column":18},"end":{"line":33,"column":31}},"6":{"start":{"line":34,"column":4},"end":{"line":34,"column":35}},"7":{"start":{"line":37,"column":0},"end":{"line":37,"column":31}}},"fnMap":{"0":{"name":"authorize","decl":{"start":{"line":30,"column":9},"end":{"line":30,"column":18}},"loc":{"start":{"line":30,"column":32},"end":{"line":35,"column":1}},"line":30}},"branchMap":{"0":{"loc":{"start":{"line":31,"column":4},"end":{"line":31,"column":42}},"type":"if","locations":[{"start":{"line":31,"column":4},"end":{"line":31,"column":42}},{"start":{},"end":{}}],"line":31},"1":{"loc":{"start":{"line":31,"column":8},"end":{"line":31,"column":27}},"type":"binary-expr","locations":[{"start":{"line":31,"column":8},"end":{"line":31,"column":13}},{"start":{"line":31,"column":17},"end":{"line":31,"column":27}}],"line":31},"2":{"loc":{"start":{"line":33,"column":4},"end":{"line":33,"column":31}},"type":"if","locations":[{"start":{"line":33,"column":4},"end":{"line":33,"column":31}},{"start":{},"end":{}}],"line":33}},"s":{"0":4,"1":28,"2":2,"3":26,"4":26,"5":2,"6":24,"7":4},"f":{"0":28},"b":{"0":[2,26],"1":[28,27],"2":[2,24]},"_coverageSchema":"1a1c01bbd47fc00a2c39e90264f33305004495a9","hash":"19c723c831fd78b20060181369c4966aeef29317"}
,"C:\\Users\\Lufuno Mmbadi\\Downloads\\3rd Year\\Semester 1\\SD Project\\sa-learnerships-portal\\backend\\app.js": {"path":"C:\\Users\\Lufuno Mmbadi\\Downloads\\3rd Year\\Semester 1\\SD Project\\sa-learnerships-portal\\backend\\app.js","statementMap":{"0":{"start":{"line":1,"column":16},"end":{"line":1,"column":34}},"1":{"start":{"line":2,"column":13},"end":{"line":2,"column":28}},"2":{"start":{"line":3,"column":13},"end":{"line":3,"column":28}},"3":{"start":{"line":4,"column":12},"end":{"line":4,"column":21}},"4":{"start":{"line":5,"column":24},"end":{"line":5,"column":41}},"5":{"start":{"line":6,"column":22},"end":{"line":6,"column":48}},"6":{"start":{"line":7,"column":22},"end":{"line":7,"column":47}},"7":{"start":{"line":9,"column":0},"end":{"line":9,"column":16}},"8":{"start":{"line":10,"column":0},"end":{"line":10,"column":24}},"9":{"start":{"line":13,"column":0},"end":{"line":13,"column":64}},"10":{"start":{"line":17,"column":4},"end":{"line":24,"column":6}},"11":{"start":{"line":18,"column":21},"end":{"line":18,"column":29}},"12":{"start":{"line":19,"column":8},"end":{"line":23,"column":9}},"13":{"start":{"line":20,"column":12},"end":{"line":20,"column":19}},"14":{"start":{"line":22,"column":12},"end":{"line":22,"column":85}},"15":{"start":{"line":28,"column":0},"end":{"line":30,"column":3}},"16":{"start":{"line":29,"column":4},"end":{"line":29,"column":72}},"17":{"start":{"line":32,"column":0},"end":{"line":34,"column":3}},"18":{"start":{"line":33,"column":4},"end":{"line":33,"column":78}},"19":{"start":{"line":36,"column":0},"end":{"line":38,"column":3}},"20":{"start":{"line":37,"column":4},"end":{"line":37,"column":84}},"21":{"start":{"line":40,"column":0},"end":{"line":42,"column":3}},"22":{"start":{"line":41,"column":4},"end":{"line":41,"column":80}},"23":{"start":{"line":44,"column":0},"end":{"line":46,"column":3}},"24":{"start":{"line":45,"column":4},"end":{"line":45,"column":76}},"25":{"start":{"line":49,"column":0},"end":{"line":51,"column":3}},"26":{"start":{"line":50,"column":4},"end":{"line":50,"column":71}},"27":{"start":{"line":56,"column":0},"end":{"line":58,"column":3}},"28":{"start":{"line":57,"column":4},"end":{"line":57,"column":81}},"29":{"start":{"line":60,"column":0},"end":{"line":62,"column":3}},"30":{"start":{"line":61,"column":4},"end":{"line":61,"column":79}},"31":{"start":{"line":64,"column":0},"end":{"line":66,"column":3}},"32":{"start":{"line":65,"column":4},"end":{"line":65,"column":74}},"33":{"start":{"line":69,"column":0},"end":{"line":84,"column":3}},"34":{"start":{"line":70,"column":4},"end":{"line":83,"column":7}},"35":{"start":{"line":87,"column":0},"end":{"line":114,"column":3}},"36":{"start":{"line":88,"column":94},"end":{"line":88,"column":102}},"37":{"start":{"line":90,"column":4},"end":{"line":90,"column":76}},"38":{"start":{"line":90,"column":16},"end":{"line":90,"column":76}},"39":{"start":{"line":92,"column":4},"end":{"line":113,"column":5}},"40":{"start":{"line":93,"column":8},"end":{"line":93,"column":75}},"41":{"start":{"line":95,"column":8},"end":{"line":106,"column":11}},"42":{"start":{"line":108,"column":8},"end":{"line":108,"column":76}},"43":{"start":{"line":111,"column":8},"end":{"line":111,"column":54}},"44":{"start":{"line":112,"column":8},"end":{"line":112,"column":70}},"45":{"start":{"line":117,"column":0},"end":{"line":142,"column":3}},"46":{"start":{"line":118,"column":4},"end":{"line":118,"column":57}},"47":{"start":{"line":119,"column":70},"end":{"line":119,"column":78}},"48":{"start":{"line":121,"column":4},"end":{"line":121,"column":76}},"49":{"start":{"line":121,"column":16},"end":{"line":121,"column":76}},"50":{"start":{"line":123,"column":4},"end":{"line":141,"column":5}},"51":{"start":{"line":124,"column":8},"end":{"line":124,"column":74}},"52":{"start":{"line":126,"column":8},"end":{"line":134,"column":11}},"53":{"start":{"line":136,"column":8},"end":{"line":136,"column":75}},"54":{"start":{"line":139,"column":8},"end":{"line":139,"column":54}},"55":{"start":{"line":140,"column":8},"end":{"line":140,"column":69}},"56":{"start":{"line":148,"column":0},"end":{"line":169,"column":3}},"57":{"start":{"line":149,"column":4},"end":{"line":168,"column":5}},"58":{"start":{"line":150,"column":32},"end":{"line":150,"column":40}},"59":{"start":{"line":153,"column":8},"end":{"line":153,"column":50}},"60":{"start":{"line":154,"column":8},"end":{"line":154,"column":61}},"61":{"start":{"line":155,"column":8},"end":{"line":155,"column":61}},"62":{"start":{"line":158,"column":23},"end":{"line":158,"column":80}},"63":{"start":{"line":160,"column":8},"end":{"line":163,"column":11}},"64":{"start":{"line":166,"column":8},"end":{"line":166,"column":62}},"65":{"start":{"line":167,"column":8},"end":{"line":167,"column":72}},"66":{"start":{"line":173,"column":0},"end":{"line":203,"column":3}},"67":{"start":{"line":174,"column":25},"end":{"line":174,"column":61}},"68":{"start":{"line":176,"column":4},"end":{"line":178,"column":5}},"69":{"start":{"line":177,"column":8},"end":{"line":177,"column":63}},"70":{"start":{"line":180,"column":4},"end":{"line":202,"column":5}},"71":{"start":{"line":181,"column":25},"end":{"line":181,"column":67}},"72":{"start":{"line":182,"column":30},"end":{"line":182,"column":32}},"73":{"start":{"line":184,"column":8},"end":{"line":195,"column":11}},"74":{"start":{"line":185,"column":25},"end":{"line":185,"column":35}},"75":{"start":{"line":186,"column":12},"end":{"line":194,"column":15}},"76":{"start":{"line":197,"column":8},"end":{"line":197,"column":44}},"77":{"start":{"line":200,"column":8},"end":{"line":200,"column":49}},"78":{"start":{"line":201,"column":8},"end":{"line":201,"column":58}},"79":{"start":{"line":207,"column":0},"end":{"line":218,"column":3}},"80":{"start":{"line":208,"column":37},"end":{"line":208,"column":46}},"81":{"start":{"line":209,"column":4},"end":{"line":217,"column":5}},"82":{"start":{"line":210,"column":25},"end":{"line":213,"column":18}},"83":{"start":{"line":214,"column":8},"end":{"line":214,"column":50}},"84":{"start":{"line":216,"column":8},"end":{"line":216,"column":69}},"85":{"start":{"line":221,"column":0},"end":{"line":261,"column":2}},"86":{"start":{"line":222,"column":46},"end":{"line":222,"column":54}},"87":{"start":{"line":224,"column":4},"end":{"line":226,"column":5}},"88":{"start":{"line":225,"column":8},"end":{"line":225,"column":91}},"89":{"start":{"line":228,"column":4},"end":{"line":259,"column":5}},"90":{"start":{"line":229,"column":24},"end":{"line":229,"column":75}},"91":{"start":{"line":230,"column":8},"end":{"line":230,"column":59}},"92":{"start":{"line":231,"column":8},"end":{"line":231,"column":56}},"93":{"start":{"line":232,"column":8},"end":{"line":234,"column":9}},"94":{"start":{"line":233,"column":12},"end":{"line":233,"column":68}},"95":{"start":{"line":237,"column":27},"end":{"line":237,"column":84}},"96":{"start":{"line":238,"column":8},"end":{"line":240,"column":9}},"97":{"start":{"line":239,"column":12},"end":{"line":239,"column":72}},"98":{"start":{"line":243,"column":22},"end":{"line":243,"column":51}},"99":{"start":{"line":244,"column":28},"end":{"line":244,"column":80}},"100":{"start":{"line":245,"column":8},"end":{"line":247,"column":9}},"101":{"start":{"line":246,"column":12},"end":{"line":246,"column":95}},"102":{"start":{"line":249,"column":9},"end":{"line":254,"column":11}},"103":{"start":{"line":255,"column":8},"end":{"line":255,"column":67}},"104":{"start":{"line":257,"column":8},"end":{"line":257,"column":45}},"105":{"start":{"line":258,"column":8},"end":{"line":258,"column":72}},"106":{"start":{"line":263,"column":0},"end":{"line":273,"column":3}},"107":{"start":{"line":264,"column":4},"end":{"line":272,"column":5}},"108":{"start":{"line":265,"column":24},"end":{"line":265,"column":53}},"109":{"start":{"line":266,"column":24},"end":{"line":266,"column":67}},"110":{"start":{"line":267,"column":8},"end":{"line":267,"column":86}},"111":{"start":{"line":267,"column":29},"end":{"line":267,"column":86}},"112":{"start":{"line":268,"column":8},"end":{"line":268,"column":33}},"113":{"start":{"line":270,"column":8},"end":{"line":270,"column":53}},"114":{"start":{"line":271,"column":8},"end":{"line":271,"column":67}},"115":{"start":{"line":276,"column":0},"end":{"line":286,"column":3}},"116":{"start":{"line":277,"column":4},"end":{"line":285,"column":5}},"117":{"start":{"line":278,"column":24},"end":{"line":278,"column":53}},"118":{"start":{"line":279,"column":24},"end":{"line":279,"column":67}},"119":{"start":{"line":280,"column":8},"end":{"line":280,"column":86}},"120":{"start":{"line":280,"column":29},"end":{"line":280,"column":86}},"121":{"start":{"line":281,"column":8},"end":{"line":281,"column":56}},"122":{"start":{"line":283,"column":8},"end":{"line":283,"column":51}},"123":{"start":{"line":284,"column":8},"end":{"line":284,"column":66}},"124":{"start":{"line":289,"column":0},"end":{"line":301,"column":3}},"125":{"start":{"line":290,"column":4},"end":{"line":300,"column":5}},"126":{"start":{"line":291,"column":30},"end":{"line":291,"column":38}},"127":{"start":{"line":292,"column":8},"end":{"line":292,"column":95}},"128":{"start":{"line":292,"column":27},"end":{"line":292,"column":95}},"129":{"start":{"line":293,"column":27},"end":{"line":293,"column":61}},"130":{"start":{"line":294,"column":8},"end":{"line":294,"column":109}},"131":{"start":{"line":294,"column":54},"end":{"line":294,"column":109}},"132":{"start":{"line":295,"column":8},"end":{"line":295,"column":82}},"133":{"start":{"line":296,"column":8},"end":{"line":296,"column":56}},"134":{"start":{"line":298,"column":8},"end":{"line":298,"column":54}},"135":{"start":{"line":299,"column":8},"end":{"line":299,"column":70}},"136":{"start":{"line":304,"column":0},"end":{"line":324,"column":3}},"137":{"start":{"line":305,"column":4},"end":{"line":323,"column":5}},"138":{"start":{"line":306,"column":28},"end":{"line":306,"column":64}},"139":{"start":{"line":307,"column":28},"end":{"line":307,"column":78}},"140":{"start":{"line":308,"column":28},"end":{"line":308,"column":87}},"141":{"start":{"line":311,"column":8},"end":{"line":315,"column":9}},"142":{"start":{"line":312,"column":12},"end":{"line":312,"column":98}},"143":{"start":{"line":314,"column":12},"end":{"line":314,"column":104}},"144":{"start":{"line":317,"column":25},"end":{"line":317,"column":27}},"145":{"start":{"line":318,"column":8},"end":{"line":318,"column":102}},"146":{"start":{"line":318,"column":32},"end":{"line":318,"column":100}},"147":{"start":{"line":319,"column":8},"end":{"line":319,"column":27}},"148":{"start":{"line":321,"column":8},"end":{"line":321,"column":57}},"149":{"start":{"line":322,"column":8},"end":{"line":322,"column":77}},"150":{"start":{"line":327,"column":0},"end":{"line":381,"column":3}},"151":{"start":{"line":328,"column":4},"end":{"line":380,"column":5}},"152":{"start":{"line":329,"column":28},"end":{"line":329,"column":64}},"153":{"start":{"line":330,"column":28},"end":{"line":330,"column":78}},"154":{"start":{"line":331,"column":28},"end":{"line":331,"column":87}},"155":{"start":{"line":333,"column":28},"end":{"line":333,"column":30}},"156":{"start":{"line":334,"column":28},"end":{"line":334,"column":30}},"157":{"start":{"line":337,"column":8},"end":{"line":341,"column":9}},"158":{"start":{"line":338,"column":12},"end":{"line":338,"column":101}},"159":{"start":{"line":340,"column":12},"end":{"line":340,"column":107}},"160":{"start":{"line":343,"column":8},"end":{"line":346,"column":11}},"161":{"start":{"line":344,"column":12},"end":{"line":344,"column":36}},"162":{"start":{"line":345,"column":12},"end":{"line":345,"column":67}},"163":{"start":{"line":348,"column":8},"end":{"line":348,"column":57}},"164":{"start":{"line":348,"column":37},"end":{"line":348,"column":57}},"165":{"start":{"line":351,"column":23},"end":{"line":351,"column":25}},"166":{"start":{"line":352,"column":8},"end":{"line":352,"column":97}},"167":{"start":{"line":352,"column":21},"end":{"line":352,"column":22}},"168":{"start":{"line":352,"column":56},"end":{"line":352,"column":97}},"169":{"start":{"line":354,"column":30},"end":{"line":354,"column":32}},"170":{"start":{"line":355,"column":8},"end":{"line":358,"column":9}},"171":{"start":{"line":356,"column":25},"end":{"line":356,"column":98}},"172":{"start":{"line":357,"column":12},"end":{"line":357,"column":85}},"173":{"start":{"line":357,"column":32},"end":{"line":357,"column":83}},"174":{"start":{"line":361,"column":30},"end":{"line":361,"column":83}},"175":{"start":{"line":361,"column":67},"end":{"line":361,"column":80}},"176":{"start":{"line":362,"column":25},"end":{"line":362,"column":27}},"177":{"start":{"line":363,"column":8},"end":{"line":368,"column":12}},"178":{"start":{"line":364,"column":12},"end":{"line":367,"column":43}},"179":{"start":{"line":365,"column":26},"end":{"line":365,"column":69}},"180":{"start":{"line":366,"column":16},"end":{"line":366,"column":57}},"181":{"start":{"line":367,"column":22},"end":{"line":367,"column":41}},"182":{"start":{"line":370,"column":25},"end":{"line":374,"column":11}},"183":{"start":{"line":370,"column":53},"end":{"line":374,"column":9}},"184":{"start":{"line":376,"column":8},"end":{"line":376,"column":27}},"185":{"start":{"line":378,"column":8},"end":{"line":378,"column":54}},"186":{"start":{"line":379,"column":8},"end":{"line":379,"column":70}},"187":{"start":{"line":384,"column":0},"end":{"line":400,"column":3}},"188":{"start":{"line":385,"column":4},"end":{"line":399,"column":5}},"189":{"start":{"line":386,"column":34},"end":{"line":386,"column":44}},"190":{"start":{"line":387,"column":34},"end":{"line":387,"column":42}},"191":{"start":{"line":388,"column":22},"end":{"line":388,"column":85}},"192":{"start":{"line":389,"column":8},"end":{"line":389,"column":94}},"193":{"start":{"line":389,"column":37},"end":{"line":389,"column":94}},"194":{"start":{"line":391,"column":8},"end":{"line":394,"column":11}},"195":{"start":{"line":395,"column":8},"end":{"line":395,"column":71}},"196":{"start":{"line":397,"column":8},"end":{"line":397,"column":53}},"197":{"start":{"line":398,"column":8},"end":{"line":398,"column":67}},"198":{"start":{"line":403,"column":0},"end":{"line":403,"column":21}},"199":{"start":{"line":406,"column":0},"end":{"line":411,"column":1}},"200":{"start":{"line":407,"column":17},"end":{"line":407,"column":41}},"201":{"start":{"line":408,"column":4},"end":{"line":410,"column":3}},"202":{"start":{"line":409,"column":4},"end":{"line":409,"column":62}}},"fnMap":{"0":{"name":"guard","decl":{"start":{"line":16,"column":9},"end":{"line":16,"column":14}},"loc":{"start":{"line":16,"column":22},"end":{"line":25,"column":1}},"line":16},"1":{"name":"(anonymous_1)","decl":{"start":{"line":17,"column":11},"end":{"line":17,"column":12}},"loc":{"start":{"line":17,"column":31},"end":{"line":24,"column":5}},"line":17},"2":{"name":"(anonymous_2)","decl":{"start":{"line":28,"column":37},"end":{"line":28,"column":38}},"loc":{"start":{"line":28,"column":51},"end":{"line":30,"column":1}},"line":28},"3":{"name":"(anonymous_3)","decl":{"start":{"line":32,"column":25},"end":{"line":32,"column":26}},"loc":{"start":{"line":32,"column":39},"end":{"line":34,"column":1}},"line":32},"4":{"name":"(anonymous_4)","decl":{"start":{"line":36,"column":31},"end":{"line":36,"column":32}},"loc":{"start":{"line":36,"column":45},"end":{"line":38,"column":1}},"line":36},"5":{"name":"(anonymous_5)","decl":{"start":{"line":40,"column":27},"end":{"line":40,"column":28}},"loc":{"start":{"line":40,"column":41},"end":{"line":42,"column":1}},"line":40},"6":{"name":"(anonymous_6)","decl":{"start":{"line":44,"column":23},"end":{"line":44,"column":24}},"loc":{"start":{"line":44,"column":37},"end":{"line":46,"column":1}},"line":44},"7":{"name":"(anonymous_7)","decl":{"start":{"line":49,"column":13},"end":{"line":49,"column":14}},"loc":{"start":{"line":49,"column":27},"end":{"line":51,"column":1}},"line":49},"8":{"name":"(anonymous_8)","decl":{"start":{"line":56,"column":28},"end":{"line":56,"column":29}},"loc":{"start":{"line":56,"column":42},"end":{"line":58,"column":1}},"line":56},"9":{"name":"(anonymous_9)","decl":{"start":{"line":60,"column":26},"end":{"line":60,"column":27}},"loc":{"start":{"line":60,"column":40},"end":{"line":62,"column":1}},"line":60},"10":{"name":"(anonymous_10)","decl":{"start":{"line":64,"column":21},"end":{"line":64,"column":22}},"loc":{"start":{"line":64,"column":35},"end":{"line":66,"column":1}},"line":64},"11":{"name":"(anonymous_11)","decl":{"start":{"line":69,"column":23},"end":{"line":69,"column":24}},"loc":{"start":{"line":69,"column":37},"end":{"line":84,"column":1}},"line":69},"12":{"name":"(anonymous_12)","decl":{"start":{"line":87,"column":30},"end":{"line":87,"column":31}},"loc":{"start":{"line":87,"column":50},"end":{"line":114,"column":1}},"line":87},"13":{"name":"(anonymous_13)","decl":{"start":{"line":117,"column":29},"end":{"line":117,"column":30}},"loc":{"start":{"line":117,"column":49},"end":{"line":142,"column":1}},"line":117},"14":{"name":"(anonymous_14)","decl":{"start":{"line":148,"column":87},"end":{"line":148,"column":88}},"loc":{"start":{"line":148,"column":107},"end":{"line":169,"column":1}},"line":148},"15":{"name":"(anonymous_15)","decl":{"start":{"line":173,"column":38},"end":{"line":173,"column":39}},"loc":{"start":{"line":173,"column":58},"end":{"line":203,"column":1}},"line":173},"16":{"name":"(anonymous_16)","decl":{"start":{"line":184,"column":25},"end":{"line":184,"column":26}},"loc":{"start":{"line":184,"column":32},"end":{"line":195,"column":9}},"line":184},"17":{"name":"(anonymous_17)","decl":{"start":{"line":207,"column":33},"end":{"line":207,"column":34}},"loc":{"start":{"line":207,"column":53},"end":{"line":218,"column":1}},"line":207},"18":{"name":"(anonymous_18)","decl":{"start":{"line":221,"column":29},"end":{"line":221,"column":30}},"loc":{"start":{"line":221,"column":47},"end":{"line":261,"column":1}},"line":221},"19":{"name":"(anonymous_19)","decl":{"start":{"line":263,"column":42},"end":{"line":263,"column":43}},"loc":{"start":{"line":263,"column":62},"end":{"line":273,"column":1}},"line":263},"20":{"name":"(anonymous_20)","decl":{"start":{"line":276,"column":39},"end":{"line":276,"column":40}},"loc":{"start":{"line":276,"column":59},"end":{"line":286,"column":1}},"line":276},"21":{"name":"(anonymous_21)","decl":{"start":{"line":289,"column":45},"end":{"line":289,"column":46}},"loc":{"start":{"line":289,"column":65},"end":{"line":301,"column":1}},"line":289},"22":{"name":"(anonymous_22)","decl":{"start":{"line":304,"column":47},"end":{"line":304,"column":48}},"loc":{"start":{"line":304,"column":67},"end":{"line":324,"column":1}},"line":304},"23":{"name":"(anonymous_23)","decl":{"start":{"line":318,"column":25},"end":{"line":318,"column":26}},"loc":{"start":{"line":318,"column":32},"end":{"line":318,"column":100}},"line":318},"24":{"name":"(anonymous_24)","decl":{"start":{"line":327,"column":40},"end":{"line":327,"column":41}},"loc":{"start":{"line":327,"column":60},"end":{"line":381,"column":1}},"line":327},"25":{"name":"(anonymous_25)","decl":{"start":{"line":343,"column":28},"end":{"line":343,"column":29}},"loc":{"start":{"line":343,"column":35},"end":{"line":346,"column":9}},"line":343},"26":{"name":"(anonymous_26)","decl":{"start":{"line":357,"column":25},"end":{"line":357,"column":26}},"loc":{"start":{"line":357,"column":32},"end":{"line":357,"column":83}},"line":357},"27":{"name":"(anonymous_27)","decl":{"start":{"line":361,"column":62},"end":{"line":361,"column":63}},"loc":{"start":{"line":361,"column":67},"end":{"line":361,"column":80}},"line":361},"28":{"name":"(anonymous_28)","decl":{"start":{"line":363,"column":44},"end":{"line":363,"column":45}},"loc":{"start":{"line":363,"column":57},"end":{"line":368,"column":9}},"line":363},"29":{"name":"(anonymous_29)","decl":{"start":{"line":370,"column":45},"end":{"line":370,"column":46}},"loc":{"start":{"line":370,"column":53},"end":{"line":374,"column":9}},"line":370},"30":{"name":"(anonymous_30)","decl":{"start":{"line":384,"column":64},"end":{"line":384,"column":65}},"loc":{"start":{"line":384,"column":84},"end":{"line":400,"column":1}},"line":384},"31":{"name":"(anonymous_31)","decl":{"start":{"line":408,"column":21},"end":{"line":408,"column":22}},"loc":{"start":{"line":408,"column":27},"end":{"line":410,"column":1}},"line":408}},"branchMap":{"0":{"loc":{"start":{"line":19,"column":8},"end":{"line":23,"column":9}},"type":"if","locations":[{"start":{"line":19,"column":8},"end":{"line":23,"column":9}},{"start":{"line":21,"column":15},"end":{"line":23,"column":9}}],"line":19},"1":{"loc":{"start":{"line":19,"column":12},"end":{"line":19,"column":42}},"type":"binary-expr","locations":[{"start":{"line":19,"column":12},"end":{"line":19,"column":16}},{"start":{"line":19,"column":20},"end":{"line":19,"column":42}}],"line":19},"2":{"loc":{"start":{"line":90,"column":4},"end":{"line":90,"column":76}},"type":"if","locations":[{"start":{"line":90,"column":4},"end":{"line":90,"column":76}},{"start":{},"end":{}}],"line":90},"3":{"loc":{"start":{"line":121,"column":4},"end":{"line":121,"column":76}},"type":"if","locations":[{"start":{"line":121,"column":4},"end":{"line":121,"column":76}},{"start":{},"end":{}}],"line":121},"4":{"loc":{"start":{"line":176,"column":4},"end":{"line":178,"column":5}},"type":"if","locations":[{"start":{"line":176,"column":4},"end":{"line":178,"column":5}},{"start":{},"end":{}}],"line":176},"5":{"loc":{"start":{"line":224,"column":4},"end":{"line":226,"column":5}},"type":"if","locations":[{"start":{"line":224,"column":4},"end":{"line":226,"column":5}},{"start":{},"end":{}}],"line":224},"6":{"loc":{"start":{"line":224,"column":7},"end":{"line":224,"column":33}},"type":"binary-expr","locations":[{"start":{"line":224,"column":7},"end":{"line":224,"column":19}},{"start":{"line":224,"column":23},"end":{"line":224,"column":33}}],"line":224},"7":{"loc":{"start":{"line":232,"column":8},"end":{"line":234,"column":9}},"type":"if","locations":[{"start":{"line":232,"column":8},"end":{"line":234,"column":9}},{"start":{},"end":{}}],"line":232},"8":{"loc":{"start":{"line":238,"column":8},"end":{"line":240,"column":9}},"type":"if","locations":[{"start":{"line":238,"column":8},"end":{"line":240,"column":9}},{"start":{},"end":{}}],"line":238},"9":{"loc":{"start":{"line":245,"column":8},"end":{"line":247,"column":9}},"type":"if","locations":[{"start":{"line":245,"column":8},"end":{"line":247,"column":9}},{"start":{},"end":{}}],"line":245},"10":{"loc":{"start":{"line":265,"column":24},"end":{"line":265,"column":53}},"type":"binary-expr","locations":[{"start":{"line":265,"column":24},"end":{"line":265,"column":37}},{"start":{"line":265,"column":41},"end":{"line":265,"column":53}}],"line":265},"11":{"loc":{"start":{"line":267,"column":8},"end":{"line":267,"column":86}},"type":"if","locations":[{"start":{"line":267,"column":8},"end":{"line":267,"column":86}},{"start":{},"end":{}}],"line":267},"12":{"loc":{"start":{"line":278,"column":24},"end":{"line":278,"column":53}},"type":"binary-expr","locations":[{"start":{"line":278,"column":24},"end":{"line":278,"column":37}},{"start":{"line":278,"column":41},"end":{"line":278,"column":53}}],"line":278},"13":{"loc":{"start":{"line":280,"column":8},"end":{"line":280,"column":86}},"type":"if","locations":[{"start":{"line":280,"column":8},"end":{"line":280,"column":86}},{"start":{},"end":{}}],"line":280},"14":{"loc":{"start":{"line":281,"column":25},"end":{"line":281,"column":52}},"type":"binary-expr","locations":[{"start":{"line":281,"column":25},"end":{"line":281,"column":44}},{"start":{"line":281,"column":48},"end":{"line":281,"column":52}}],"line":281},"15":{"loc":{"start":{"line":292,"column":8},"end":{"line":292,"column":95}},"type":"if","locations":[{"start":{"line":292,"column":8},"end":{"line":292,"column":95}},{"start":{},"end":{}}],"line":292},"16":{"loc":{"start":{"line":292,"column":12},"end":{"line":292,"column":25}},"type":"binary-expr","locations":[{"start":{"line":292,"column":12},"end":{"line":292,"column":16}},{"start":{"line":292,"column":20},"end":{"line":292,"column":25}}],"line":292},"17":{"loc":{"start":{"line":294,"column":8},"end":{"line":294,"column":109}},"type":"if","locations":[{"start":{"line":294,"column":8},"end":{"line":294,"column":109}},{"start":{},"end":{}}],"line":294},"18":{"loc":{"start":{"line":306,"column":28},"end":{"line":306,"column":64}},"type":"binary-expr","locations":[{"start":{"line":306,"column":28},"end":{"line":306,"column":48}},{"start":{"line":306,"column":52},"end":{"line":306,"column":64}}],"line":306},"19":{"loc":{"start":{"line":308,"column":28},"end":{"line":308,"column":87}},"type":"cond-expr","locations":[{"start":{"line":308,"column":49},"end":{"line":308,"column":80}},{"start":{"line":308,"column":83},"end":{"line":308,"column":87}}],"line":308},"20":{"loc":{"start":{"line":311,"column":8},"end":{"line":315,"column":9}},"type":"if","locations":[{"start":{"line":311,"column":8},"end":{"line":315,"column":9}},{"start":{"line":313,"column":15},"end":{"line":315,"column":9}}],"line":311},"21":{"loc":{"start":{"line":318,"column":67},"end":{"line":318,"column":97}},"type":"binary-expr","locations":[{"start":{"line":318,"column":67},"end":{"line":318,"column":83}},{"start":{"line":318,"column":87},"end":{"line":318,"column":97}}],"line":318},"22":{"loc":{"start":{"line":329,"column":28},"end":{"line":329,"column":64}},"type":"binary-expr","locations":[{"start":{"line":329,"column":28},"end":{"line":329,"column":48}},{"start":{"line":329,"column":52},"end":{"line":329,"column":64}}],"line":329},"23":{"loc":{"start":{"line":331,"column":28},"end":{"line":331,"column":87}},"type":"cond-expr","locations":[{"start":{"line":331,"column":49},"end":{"line":331,"column":80}},{"start":{"line":331,"column":83},"end":{"line":331,"column":87}}],"line":331},"24":{"loc":{"start":{"line":337,"column":8},"end":{"line":341,"column":9}},"type":"if","locations":[{"start":{"line":337,"column":8},"end":{"line":341,"column":9}},{"start":{"line":339,"column":15},"end":{"line":341,"column":9}}],"line":337},"25":{"loc":{"start":{"line":345,"column":36},"end":{"line":345,"column":66}},"type":"binary-expr","locations":[{"start":{"line":345,"column":36},"end":{"line":345,"column":52}},{"start":{"line":345,"column":56},"end":{"line":345,"column":66}}],"line":345},"26":{"loc":{"start":{"line":348,"column":8},"end":{"line":348,"column":57}},"type":"if","locations":[{"start":{"line":348,"column":8},"end":{"line":348,"column":57}},{"start":{},"end":{}}],"line":348},"27":{"loc":{"start":{"line":366,"column":32},"end":{"line":366,"column":56}},"type":"cond-expr","locations":[{"start":{"line":366,"column":43},"end":{"line":366,"column":51}},{"start":{"line":366,"column":54},"end":{"line":366,"column":56}}],"line":366},"28":{"loc":{"start":{"line":372,"column":26},"end":{"line":372,"column":71}},"type":"binary-expr","locations":[{"start":{"line":372,"column":26},"end":{"line":372,"column":54}},{"start":{"line":372,"column":58},"end":{"line":372,"column":71}}],"line":372},"29":{"loc":{"start":{"line":373,"column":26},"end":{"line":373,"column":57}},"type":"binary-expr","locations":[{"start":{"line":373,"column":26},"end":{"line":373,"column":51}},{"start":{"line":373,"column":55},"end":{"line":373,"column":57}}],"line":373},"30":{"loc":{"start":{"line":389,"column":8},"end":{"line":389,"column":94}},"type":"if","locations":[{"start":{"line":389,"column":8},"end":{"line":389,"column":94}},{"start":{},"end":{}}],"line":389},"31":{"loc":{"start":{"line":406,"column":0},"end":{"line":411,"column":1}},"type":"if","locations":[{"start":{"line":406,"column":0},"end":{"line":411,"column":1}},{"start":{},"end":{}}],"line":406},"32":{"loc":{"start":{"line":407,"column":17},"end":{"line":407,"column":41}},"type":"binary-expr","locations":[{"start":{"line":407,"column":17},"end":{"line":407,"column":33}},{"start":{"line":407,"column":37},"end":{"line":407,"column":41}}],"line":407}},"s":{"0":4,"1":4,"2":4,"3":4,"4":4,"5":4,"6":4,"7":4,"8":4,"9":4,"10":4,"11":4,"12":4,"13":3,"14":1,"15":4,"16":0,"17":4,"18":0,"19":4,"20":0,"21":4,"22":0,"23":4,"24":0,"25":4,"26":0,"27":4,"28":0,"29":4,"30":0,"31":4,"32":0,"33":4,"34":3,"35":4,"36":6,"37":6,"38":0,"39":6,"40":6,"41":4,"42":4,"43":2,"44":2,"45":4,"46":2,"47":2,"48":2,"49":0,"50":2,"51":2,"52":2,"53":2,"54":0,"55":0,"56":4,"57":3,"58":3,"59":3,"60":3,"61":3,"62":3,"63":2,"64":1,"65":1,"66":4,"67":4,"68":4,"69":0,"70":4,"71":4,"72":3,"73":3,"74":2,"75":2,"76":3,"77":1,"78":1,"79":4,"80":1,"81":1,"82":1,"83":0,"84":1,"85":4,"86":8,"87":8,"88":3,"89":5,"90":5,"91":5,"92":5,"93":5,"94":1,"95":4,"96":4,"97":1,"98":3,"99":3,"100":3,"101":1,"102":2,"103":1,"104":1,"105":1,"106":4,"107":0,"108":0,"109":0,"110":0,"111":0,"112":0,"113":0,"114":0,"115":4,"116":0,"117":0,"118":0,"119":0,"120":0,"121":0,"122":0,"123":0,"124":4,"125":0,"126":0,"127":0,"128":0,"129":0,"130":0,"131":0,"132":0,"133":0,"134":0,"135":0,"136":4,"137":0,"138":0,"139":0,"140":0,"141":0,"142":0,"143":0,"144":0,"145":0,"146":0,"147":0,"148":0,"149":0,"150":4,"151":1,"152":1,"153":1,"154":1,"155":1,"156":1,"157":1,"158":1,"159":0,"160":1,"161":0,"162":0,"163":1,"164":1,"165":0,"166":0,"167":0,"168":0,"169":0,"170":0,"171":0,"172":0,"173":0,"174":0,"175":0,"176":0,"177":0,"178":0,"179":0,"180":0,"181":0,"182":0,"183":0,"184":0,"185":0,"186":0,"187":4,"188":0,"189":0,"190":0,"191":0,"192":0,"193":0,"194":0,"195":0,"196":0,"197":0,"198":4,"199":4,"200":0,"201":0,"202":0},"f":{"0":4,"1":4,"2":0,"3":0,"4":0,"5":0,"6":0,"7":0,"8":0,"9":0,"10":0,"11":3,"12":6,"13":2,"14":3,"15":4,"16":2,"17":1,"18":8,"19":0,"20":0,"21":0,"22":0,"23":0,"24":1,"25":0,"26":0,"27":0,"28":0,"29":0,"30":0,"31":0},"b":{"0":[3,1],"1":[4,4],"2":[0,6],"3":[0,2],"4":[0,4],"5":[3,5],"6":[8,6],"7":[1,4],"8":[1,3],"9":[1,2],"10":[0,0],"11":[0,0],"12":[0,0],"13":[0,0],"14":[0,0],"15":[0,0],"16":[0,0],"17":[0,0],"18":[0,0],"19":[0,0],"20":[0,0],"21":[0,0],"22":[1,1],"23":[1,0],"24":[1,0],"25":[0,0],"26":[1,0],"27":[0,0],"28":[0,0],"29":[0,0],"30":[0,0],"31":[0,4],"32":[0,0]},"_coverageSchema":"1a1c01bbd47fc00a2c39e90264f33305004495a9","hash":"be1e9c4ab38d7b3a9b4c55600ecfa68ee326f167"}
,"C:\\Users\\Lufuno Mmbadi\\Downloads\\3rd Year\\Semester 1\\SD Project\\sa-learnerships-portal\\backend\\auth.js": {"path":"C:\\Users\\Lufuno Mmbadi\\Downloads\\3rd Year\\Semester 1\\SD Project\\sa-learnerships-portal\\backend\\auth.js","statementMap":{"0":{"start":{"line":1,"column":18},"end":{"line":1,"column":44}},"1":{"start":{"line":4,"column":23},"end":{"line":4,"column":48}},"2":{"start":{"line":6,"column":4},"end":{"line":8,"column":5}},"3":{"start":{"line":7,"column":8},"end":{"line":7,"column":68}},"4":{"start":{"line":12,"column":4},"end":{"line":16,"column":5}},"5":{"start":{"line":13,"column":8},"end":{"line":13,"column":43}},"6":{"start":{"line":15,"column":8},"end":{"line":15,"column":34}},"7":{"start":{"line":18,"column":4},"end":{"line":20,"column":5}},"8":{"start":{"line":19,"column":8},"end":{"line":19,"column":65}},"9":{"start":{"line":22,"column":4},"end":{"line":36,"column":5}},"10":{"start":{"line":23,"column":29},"end":{"line":23,"column":68}},"11":{"start":{"line":25,"column":8},"end":{"line":28,"column":10}},"12":{"start":{"line":30,"column":8},"end":{"line":30,"column":50}},"13":{"start":{"line":31,"column":8},"end":{"line":31,"column":15}},"14":{"start":{"line":34,"column":8},"end":{"line":34,"column":69}},"15":{"start":{"line":35,"column":8},"end":{"line":35,"column":68}},"16":{"start":{"line":39,"column":0},"end":{"line":39,"column":33}}},"fnMap":{"0":{"name":"verifyToken","decl":{"start":{"line":3,"column":15},"end":{"line":3,"column":26}},"loc":{"start":{"line":3,"column":43},"end":{"line":37,"column":1}},"line":3}},"branchMap":{"0":{"loc":{"start":{"line":6,"column":4},"end":{"line":8,"column":5}},"type":"if","locations":[{"start":{"line":6,"column":4},"end":{"line":8,"column":5}},{"start":{},"end":{}}],"line":6},"1":{"loc":{"start":{"line":12,"column":4},"end":{"line":16,"column":5}},"type":"if","locations":[{"start":{"line":12,"column":4},"end":{"line":16,"column":5}},{"start":{"line":14,"column":11},"end":{"line":16,"column":5}}],"line":12},"2":{"loc":{"start":{"line":18,"column":4},"end":{"line":20,"column":5}},"type":"if","locations":[{"start":{"line":18,"column":4},"end":{"line":20,"column":5}},{"start":{},"end":{}}],"line":18}},"s":{"0":4,"1":12,"2":12,"3":3,"4":9,"5":9,"6":0,"7":9,"8":0,"9":9,"10":9,"11":9,"12":9,"13":9,"14":0,"15":0,"16":4},"f":{"0":12},"b":{"0":[3,9],"1":[9,0],"2":[0,9]},"_coverageSchema":"1a1c01bbd47fc00a2c39e90264f33305004495a9","hash":"1933cc49980de73954c675a36203f955ca11e5e9"}
}
