TN:
SF:backend\access-logic.js
FN:42,authorize
FNF:1
FNH:1
FNDA:59,authorize
DA:11,3
DA:43,59
DA:45,53
DA:46,53
DA:48,51
DA:51,3
LF:6
LH:6
BRDA:43,0,0,6
BRDA:43,0,1,53
BRDA:43,1,0,59
BRDA:43,1,1,55
BRDA:46,2,0,2
BRDA:46,2,1,51
BRF:6
BRH:6
end_of_record
TN:
SF:backend\reminderJob.js
FN:22,getClosingListings
FN:34,(anonymous_1)
FN:43,getEligibleApplicants
FN:50,(anonymous_3)
FN:57,hasAlreadyApplied
FN:66,reminderAlreadySent
FN:75,createInAppNotification
FN:89,sendReminderEmail
FN:122,runReminderJob
FN:188,(anonymous_9)
FNF:10
FNH:0
FNDA:0,getClosingListings
FNDA:0,(anonymous_1)
FNDA:0,getEligibleApplicants
FNDA:0,(anonymous_3)
FNDA:0,hasAlreadyApplied
FNDA:0,reminderAlreadySent
FNDA:0,createInAppNotification
FNDA:0,sendReminderEmail
FNDA:0,runReminderJob
FNDA:0,(anonymous_9)
DA:14,1
DA:23,0
DA:24,0
DA:25,0
DA:27,0
DA:33,0
DA:34,0
DA:35,0
DA:38,0
DA:39,0
DA:44,0
DA:49,0
DA:50,0
DA:51,0
DA:54,0
DA:58,0
DA:63,0
DA:67,0
DA:72,0
DA:76,0
DA:86,1
DA:92,0
DA:93,0
DA:94,0
DA:97,0
DA:105,0
DA:118,0
DA:123,0
DA:126,0
DA:128,0
DA:131,0
DA:135,0
DA:138,0
DA:140,0
DA:144,0
DA:147,0
DA:151,0
DA:154,0
DA:157,0
DA:164,0
DA:170,0
DA:174,0
DA:182,0
DA:185,1
DA:188,1
DA:189,0
DA:190,0
DA:194,1
LF:48
LH:5
BRDA:92,0,0,0
BRDA:92,0,1,0
BRDA:132,1,0,0
BRDA:132,1,1,0
BRDA:144,2,0,0
BRDA:144,2,1,0
BRDA:151,3,0,0
BRDA:151,3,1,0
BRDA:159,4,0,0
BRDA:159,4,1,0
BRF:10
BRH:0
end_of_record
